{"/Users/claudioolivares/Documents/proyectos/app-reactvite-gifts/src/GiftApp.tsx": {"path":"/Users/claudioolivares/Documents/proyectos/app-reactvite-gifts/src/GiftApp.tsx","all":false,"statementMap":{"0":{"start":{"line":1,"column":0},"end":{"line":1,"column":52}},"1":{"start":{"line":2,"column":0},"end":{"line":2,"column":69}},"2":{"start":{"line":3,"column":0},"end":{"line":3,"column":64}},"3":{"start":{"line":4,"column":0},"end":{"line":4,"column":58}},"4":{"start":{"line":5,"column":0},"end":{"line":5,"column":47}},"6":{"start":{"line":7,"column":0},"end":{"line":7,"column":30}},"7":{"start":{"line":8,"column":0},"end":{"line":8,"column":72}},"9":{"start":{"line":10,"column":0},"end":{"line":10,"column":10}},"10":{"start":{"line":11,"column":0},"end":{"line":11,"column":6}},"11":{"start":{"line":12,"column":0},"end":{"line":12,"column":19}},"12":{"start":{"line":13,"column":0},"end":{"line":13,"column":32}},"13":{"start":{"line":14,"column":0},"end":{"line":14,"column":47}},"15":{"start":{"line":16,"column":0},"end":{"line":16,"column":70}},"16":{"start":{"line":17,"column":0},"end":{"line":17,"column":23}},"17":{"start":{"line":18,"column":0},"end":{"line":18,"column":27}},"18":{"start":{"line":19,"column":0},"end":{"line":19,"column":42}},"20":{"start":{"line":21,"column":0},"end":{"line":21,"column":28}},"23":{"start":{"line":24,"column":0},"end":{"line":24,"column":2}}},"s":{"0":1,"1":1,"2":1,"3":1,"4":1,"6":1,"7":1,"9":1,"10":1,"11":1,"12":1,"13":1,"15":1,"16":1,"17":1,"18":1,"20":1,"23":1},"branchMap":{"0":{"type":"branch","line":7,"loc":{"start":{"line":7,"column":23},"end":{"line":24,"column":2}},"locations":[{"start":{"line":7,"column":23},"end":{"line":24,"column":2}}]}},"b":{"0":[1]},"fnMap":{"0":{"name":"GiftApp","decl":{"start":{"line":7,"column":23},"end":{"line":24,"column":2}},"loc":{"start":{"line":7,"column":23},"end":{"line":24,"column":2}},"line":7}},"f":{"0":1}}
,"/Users/claudioolivares/Documents/proyectos/app-reactvite-gifts/src/main.tsx": {"path":"/Users/claudioolivares/Documents/proyectos/app-reactvite-gifts/src/main.tsx","all":true,"statementMap":{"0":{"start":{"line":1,"column":0},"end":{"line":1,"column":12}},"1":{"start":{"line":2,"column":0},"end":{"line":2,"column":35}},"2":{"start":{"line":3,"column":0},"end":{"line":3,"column":46}},"3":{"start":{"line":4,"column":0},"end":{"line":4,"column":21}},"4":{"start":{"line":5,"column":0},"end":{"line":5,"column":36}},"6":{"start":{"line":7,"column":0},"end":{"line":7,"column":52}},"7":{"start":{"line":8,"column":0},"end":{"line":8,"column":14}},"8":{"start":{"line":9,"column":0},"end":{"line":9,"column":15}}},"s":{"0":0,"1":0,"2":0,"3":0,"4":0,"6":0,"7":0,"8":0},"branchMap":{"0":{"type":"branch","line":1,"loc":{"start":{"line":1,"column":259},"end":{"line":11,"column":2}},"locations":[{"start":{"line":1,"column":259},"end":{"line":11,"column":2}}]}},"b":{"0":[0]},"fnMap":{"0":{"name":"(empty-report)","decl":{"start":{"line":1,"column":259},"end":{"line":11,"column":2}},"loc":{"start":{"line":1,"column":259},"end":{"line":11,"column":2}},"line":1}},"f":{"0":0}}
,"/Users/claudioolivares/Documents/proyectos/app-reactvite-gifts/src/gifs/actions/get-gits-by-query.action.ts": {"path":"/Users/claudioolivares/Documents/proyectos/app-reactvite-gifts/src/gifs/actions/get-gits-by-query.action.ts","all":false,"statementMap":{"2":{"start":{"line":3,"column":0},"end":{"line":3,"column":40}},"4":{"start":{"line":5,"column":0},"end":{"line":5,"column":72}},"5":{"start":{"line":6,"column":0},"end":{"line":6,"column":65}},"6":{"start":{"line":7,"column":0},"end":{"line":7,"column":13}},"7":{"start":{"line":8,"column":0},"end":{"line":8,"column":15}},"8":{"start":{"line":9,"column":0},"end":{"line":9,"column":16}},"9":{"start":{"line":10,"column":0},"end":{"line":10,"column":6}},"10":{"start":{"line":11,"column":0},"end":{"line":11,"column":5}},"11":{"start":{"line":12,"column":0},"end":{"line":12,"column":43}},"12":{"start":{"line":13,"column":0},"end":{"line":13,"column":15}},"13":{"start":{"line":14,"column":0},"end":{"line":14,"column":21}},"14":{"start":{"line":15,"column":0},"end":{"line":15,"column":33}},"15":{"start":{"line":16,"column":0},"end":{"line":16,"column":51}},"16":{"start":{"line":17,"column":0},"end":{"line":17,"column":53}},"17":{"start":{"line":18,"column":0},"end":{"line":18,"column":6}},"18":{"start":{"line":19,"column":0},"end":{"line":19,"column":2}}},"s":{"2":1,"4":1,"5":0,"6":0,"7":0,"8":0,"9":0,"10":0,"11":0,"12":0,"13":0,"14":0,"15":0,"16":0,"17":0,"18":0},"branchMap":{},"b":{},"fnMap":{"0":{"name":"getGitsByQuery","decl":{"start":{"line":5,"column":30},"end":{"line":19,"column":2}},"loc":{"start":{"line":5,"column":30},"end":{"line":19,"column":2}},"line":5}},"f":{"0":0}}
,"/Users/claudioolivares/Documents/proyectos/app-reactvite-gifts/src/gifs/api/giphy.api.ts": {"path":"/Users/claudioolivares/Documents/proyectos/app-reactvite-gifts/src/gifs/api/giphy.api.ts","all":false,"statementMap":{"0":{"start":{"line":1,"column":0},"end":{"line":1,"column":26}},"2":{"start":{"line":3,"column":0},"end":{"line":3,"column":31}},"3":{"start":{"line":4,"column":0},"end":{"line":4,"column":43}},"4":{"start":{"line":5,"column":0},"end":{"line":5,"column":11}},"5":{"start":{"line":6,"column":0},"end":{"line":6,"column":48}},"6":{"start":{"line":7,"column":0},"end":{"line":7,"column":15}},"7":{"start":{"line":8,"column":0},"end":{"line":8,"column":4}},"8":{"start":{"line":9,"column":0},"end":{"line":9,"column":3}},"10":{"start":{"line":11,"column":0},"end":{"line":11,"column":24}}},"s":{"0":1,"2":1,"3":1,"4":1,"5":1,"6":1,"7":1,"8":1,"10":1},"branchMap":{},"b":{},"fnMap":{},"f":{}}
,"/Users/claudioolivares/Documents/proyectos/app-reactvite-gifts/src/gifs/components/GifList.tsx": {"path":"/Users/claudioolivares/Documents/proyectos/app-reactvite-gifts/src/gifs/components/GifList.tsx","all":false,"statementMap":{"6":{"start":{"line":7,"column":0},"end":{"line":7,"column":44}},"7":{"start":{"line":8,"column":0},"end":{"line":8,"column":10}},"8":{"start":{"line":9,"column":0},"end":{"line":9,"column":36}},"9":{"start":{"line":10,"column":0},"end":{"line":10,"column":25}},"10":{"start":{"line":11,"column":0},"end":{"line":11,"column":47}},"11":{"start":{"line":12,"column":0},"end":{"line":12,"column":47}},"12":{"start":{"line":13,"column":0},"end":{"line":13,"column":30}},"13":{"start":{"line":14,"column":0},"end":{"line":14,"column":13}},"14":{"start":{"line":15,"column":0},"end":{"line":15,"column":46}},"20":{"start":{"line":21,"column":0},"end":{"line":21,"column":2}}},"s":{"6":1,"7":1,"8":1,"9":1,"10":1,"11":1,"12":1,"13":1,"14":1,"20":1},"branchMap":{"0":{"type":"branch","line":7,"loc":{"start":{"line":7,"column":23},"end":{"line":21,"column":2}},"locations":[{"start":{"line":7,"column":23},"end":{"line":21,"column":2}}]}},"b":{"0":[1]},"fnMap":{"0":{"name":"GifList","decl":{"start":{"line":7,"column":23},"end":{"line":21,"column":2}},"loc":{"start":{"line":7,"column":23},"end":{"line":21,"column":2}},"line":7}},"f":{"0":1}}
,"/Users/claudioolivares/Documents/proyectos/app-reactvite-gifts/src/gifs/components/PreviosSearches.tsx": {"path":"/Users/claudioolivares/Documents/proyectos/app-reactvite-gifts/src/gifs/components/PreviosSearches.tsx","all":false,"statementMap":{"6":{"start":{"line":7,"column":0},"end":{"line":7,"column":74}},"7":{"start":{"line":8,"column":0},"end":{"line":8,"column":10}},"8":{"start":{"line":9,"column":0},"end":{"line":9,"column":39}},"9":{"start":{"line":10,"column":0},"end":{"line":10,"column":35}},"10":{"start":{"line":11,"column":0},"end":{"line":11,"column":45}},"11":{"start":{"line":12,"column":0},"end":{"line":12,"column":42}},"12":{"start":{"line":13,"column":0},"end":{"line":13,"column":65}},"13":{"start":{"line":14,"column":0},"end":{"line":14,"column":20}},"19":{"start":{"line":20,"column":0},"end":{"line":20,"column":2}}},"s":{"6":1,"7":1,"8":1,"9":1,"10":1,"11":1,"12":1,"13":1,"19":1},"branchMap":{"0":{"type":"branch","line":7,"loc":{"start":{"line":7,"column":32},"end":{"line":20,"column":2}},"locations":[{"start":{"line":7,"column":32},"end":{"line":20,"column":2}}]}},"b":{"0":[1]},"fnMap":{"0":{"name":"PreviousSearches","decl":{"start":{"line":7,"column":32},"end":{"line":20,"column":2}},"loc":{"start":{"line":7,"column":32},"end":{"line":20,"column":2}},"line":7},"1":{"name":"onClick","decl":{"start":{"line":13,"column":35},"end":{"line":13,"column":65}},"loc":{"start":{"line":13,"column":35},"end":{"line":13,"column":65}},"line":13}},"f":{"0":1,"1":0}}
,"/Users/claudioolivares/Documents/proyectos/app-reactvite-gifts/src/gifs/hooks/useGifs.tsx": {"path":"/Users/claudioolivares/Documents/proyectos/app-reactvite-gifts/src/gifs/hooks/useGifs.tsx","all":false,"statementMap":{"0":{"start":{"line":1,"column":0},"end":{"line":1,"column":41}},"2":{"start":{"line":3,"column":0},"end":{"line":3,"column":69}},"4":{"start":{"line":5,"column":0},"end":{"line":5,"column":47}},"5":{"start":{"line":6,"column":0},"end":{"line":6,"column":30}},"6":{"start":{"line":7,"column":0},"end":{"line":7,"column":64}},"7":{"start":{"line":8,"column":0},"end":{"line":8,"column":46}},"9":{"start":{"line":10,"column":0},"end":{"line":10,"column":54}},"11":{"start":{"line":12,"column":0},"end":{"line":12,"column":53}},"12":{"start":{"line":13,"column":0},"end":{"line":13,"column":39}},"13":{"start":{"line":14,"column":0},"end":{"line":14,"column":34}},"14":{"start":{"line":15,"column":0},"end":{"line":15,"column":39}},"15":{"start":{"line":16,"column":0},"end":{"line":16,"column":13}},"16":{"start":{"line":17,"column":0},"end":{"line":17,"column":5}},"17":{"start":{"line":18,"column":0},"end":{"line":18,"column":44}},"18":{"start":{"line":19,"column":0},"end":{"line":19,"column":18}},"19":{"start":{"line":20,"column":0},"end":{"line":20,"column":35}},"20":{"start":{"line":21,"column":0},"end":{"line":21,"column":4}},"21":{"start":{"line":22,"column":0},"end":{"line":22,"column":48}},"22":{"start":{"line":23,"column":0},"end":{"line":23,"column":43}},"23":{"start":{"line":24,"column":0},"end":{"line":24,"column":34}},"24":{"start":{"line":25,"column":0},"end":{"line":25,"column":40}},"25":{"start":{"line":26,"column":0},"end":{"line":26,"column":44}},"26":{"start":{"line":27,"column":0},"end":{"line":27,"column":51}},"27":{"start":{"line":28,"column":0},"end":{"line":28,"column":44}},"28":{"start":{"line":29,"column":0},"end":{"line":29,"column":18}},"29":{"start":{"line":30,"column":0},"end":{"line":30,"column":35}},"30":{"start":{"line":31,"column":0},"end":{"line":31,"column":22}},"31":{"start":{"line":32,"column":0},"end":{"line":32,"column":4}},"33":{"start":{"line":34,"column":0},"end":{"line":34,"column":10}},"34":{"start":{"line":35,"column":0},"end":{"line":35,"column":13}},"35":{"start":{"line":36,"column":0},"end":{"line":36,"column":9}},"36":{"start":{"line":37,"column":0},"end":{"line":37,"column":17}},"37":{"start":{"line":38,"column":0},"end":{"line":38,"column":22}},"38":{"start":{"line":39,"column":0},"end":{"line":39,"column":4}},"39":{"start":{"line":40,"column":0},"end":{"line":40,"column":2}}},"s":{"0":1,"2":1,"4":1,"5":1,"6":1,"7":1,"9":1,"11":1,"12":0,"13":0,"14":0,"15":0,"16":0,"17":0,"18":0,"19":0,"20":0,"21":1,"22":0,"23":0,"24":0,"25":0,"26":0,"27":0,"28":0,"29":0,"30":0,"31":0,"33":1,"34":1,"35":1,"36":1,"37":1,"38":1,"39":1},"branchMap":{"0":{"type":"branch","line":6,"loc":{"start":{"line":6,"column":23},"end":{"line":40,"column":2}},"locations":[{"start":{"line":6,"column":23},"end":{"line":40,"column":2}}]}},"b":{"0":[1]},"fnMap":{"0":{"name":"useGifs","decl":{"start":{"line":6,"column":23},"end":{"line":40,"column":2}},"loc":{"start":{"line":6,"column":23},"end":{"line":40,"column":2}},"line":6},"1":{"name":"handleTermClicked","decl":{"start":{"line":12,"column":28},"end":{"line":21,"column":4}},"loc":{"start":{"line":12,"column":28},"end":{"line":21,"column":4}},"line":12},"2":{"name":"handleSearch","decl":{"start":{"line":22,"column":23},"end":{"line":32,"column":4}},"loc":{"start":{"line":22,"column":23},"end":{"line":32,"column":4}},"line":22}},"f":{"0":1,"1":0,"2":0}}
,"/Users/claudioolivares/Documents/proyectos/app-reactvite-gifts/src/gifs/interfaces/gifs.response.ts": {"path":"/Users/claudioolivares/Documents/proyectos/app-reactvite-gifts/src/gifs/interfaces/gifs.response.ts","all":true,"statementMap":{},"s":{},"branchMap":{"0":{"type":"branch","line":1,"loc":{"start":{"line":1,"column":105},"end":{"line":7,"column":1}},"locations":[{"start":{"line":1,"column":105},"end":{"line":7,"column":1}}]}},"b":{"0":[1]},"fnMap":{"0":{"name":"(empty-report)","decl":{"start":{"line":1,"column":105},"end":{"line":7,"column":1}},"loc":{"start":{"line":1,"column":105},"end":{"line":7,"column":1}},"line":1}},"f":{"0":1}}
,"/Users/claudioolivares/Documents/proyectos/app-reactvite-gifts/src/gifs/interfaces/giphy.response.ts": {"path":"/Users/claudioolivares/Documents/proyectos/app-reactvite-gifts/src/gifs/interfaces/giphy.response.ts","all":true,"statementMap":{},"s":{},"branchMap":{"0":{"type":"branch","line":1,"loc":{"start":{"line":1,"column":2394},"end":{"line":121,"column":1}},"locations":[{"start":{"line":1,"column":2394},"end":{"line":121,"column":1}}]}},"b":{"0":[1]},"fnMap":{"0":{"name":"(empty-report)","decl":{"start":{"line":1,"column":2394},"end":{"line":121,"column":1}},"loc":{"start":{"line":1,"column":2394},"end":{"line":121,"column":1}},"line":1}},"f":{"0":1}}
,"/Users/claudioolivares/Documents/proyectos/app-reactvite-gifts/src/mock-data/gift.mock.ts": {"path":"/Users/claudioolivares/Documents/proyectos/app-reactvite-gifts/src/mock-data/gift.mock.ts","all":true,"statementMap":{"2":{"start":{"line":3,"column":0},"end":{"line":3,"column":32}},"3":{"start":{"line":4,"column":0},"end":{"line":4,"column":3}},"4":{"start":{"line":5,"column":0},"end":{"line":5,"column":12}},"5":{"start":{"line":6,"column":0},"end":{"line":6,"column":29}},"6":{"start":{"line":7,"column":0},"end":{"line":7,"column":185}},"7":{"start":{"line":8,"column":0},"end":{"line":8,"column":15}},"8":{"start":{"line":9,"column":0},"end":{"line":9,"column":16}},"9":{"start":{"line":10,"column":0},"end":{"line":10,"column":4}},"10":{"start":{"line":11,"column":0},"end":{"line":11,"column":3}},"11":{"start":{"line":12,"column":0},"end":{"line":12,"column":12}},"12":{"start":{"line":13,"column":0},"end":{"line":13,"column":23}},"13":{"start":{"line":14,"column":0},"end":{"line":14,"column":70}},"14":{"start":{"line":15,"column":0},"end":{"line":15,"column":15}},"15":{"start":{"line":16,"column":0},"end":{"line":16,"column":16}},"16":{"start":{"line":17,"column":0},"end":{"line":17,"column":4}},"17":{"start":{"line":18,"column":0},"end":{"line":18,"column":3}},"18":{"start":{"line":19,"column":0},"end":{"line":19,"column":12}},"19":{"start":{"line":20,"column":0},"end":{"line":20,"column":25}},"20":{"start":{"line":21,"column":0},"end":{"line":21,"column":185}},"21":{"start":{"line":22,"column":0},"end":{"line":22,"column":15}},"22":{"start":{"line":23,"column":0},"end":{"line":23,"column":16}},"23":{"start":{"line":24,"column":0},"end":{"line":24,"column":4}},"24":{"start":{"line":25,"column":0},"end":{"line":25,"column":3}},"25":{"start":{"line":26,"column":0},"end":{"line":26,"column":12}},"26":{"start":{"line":27,"column":0},"end":{"line":27,"column":23}},"27":{"start":{"line":28,"column":0},"end":{"line":28,"column":70}},"28":{"start":{"line":29,"column":0},"end":{"line":29,"column":15}},"29":{"start":{"line":30,"column":0},"end":{"line":30,"column":16}},"30":{"start":{"line":31,"column":0},"end":{"line":31,"column":4}},"31":{"start":{"line":32,"column":0},"end":{"line":32,"column":3}},"32":{"start":{"line":33,"column":0},"end":{"line":33,"column":12}},"33":{"start":{"line":34,"column":0},"end":{"line":34,"column":30}},"34":{"start":{"line":35,"column":0},"end":{"line":35,"column":185}},"35":{"start":{"line":36,"column":0},"end":{"line":36,"column":15}},"36":{"start":{"line":37,"column":0},"end":{"line":37,"column":16}},"37":{"start":{"line":38,"column":0},"end":{"line":38,"column":4}},"38":{"start":{"line":39,"column":0},"end":{"line":39,"column":3}},"39":{"start":{"line":40,"column":0},"end":{"line":40,"column":12}},"40":{"start":{"line":41,"column":0},"end":{"line":41,"column":31}},"41":{"start":{"line":42,"column":0},"end":{"line":42,"column":185}},"42":{"start":{"line":43,"column":0},"end":{"line":43,"column":15}},"43":{"start":{"line":44,"column":0},"end":{"line":44,"column":16}},"44":{"start":{"line":45,"column":0},"end":{"line":45,"column":4}},"45":{"start":{"line":46,"column":0},"end":{"line":46,"column":2}}},"s":{"2":0,"3":0,"4":0,"5":0,"6":0,"7":0,"8":0,"9":0,"10":0,"11":0,"12":0,"13":0,"14":0,"15":0,"16":0,"17":0,"18":0,"19":0,"20":0,"21":0,"22":0,"23":0,"24":0,"25":0,"26":0,"27":0,"28":0,"29":0,"30":0,"31":0,"32":0,"33":0,"34":0,"35":0,"36":0,"37":0,"38":0,"39":0,"40":0,"41":0,"42":0,"43":0,"44":0,"45":0},"branchMap":{"0":{"type":"branch","line":1,"loc":{"start":{"line":1,"column":1480},"end":{"line":46,"column":2}},"locations":[{"start":{"line":1,"column":1480},"end":{"line":46,"column":2}}]}},"b":{"0":[1]},"fnMap":{"0":{"name":"(empty-report)","decl":{"start":{"line":1,"column":1480},"end":{"line":46,"column":2}},"loc":{"start":{"line":1,"column":1480},"end":{"line":46,"column":2}},"line":1}},"f":{"0":1}}
,"/Users/claudioolivares/Documents/proyectos/app-reactvite-gifts/src/shared/components/CustomHeader.tsx": {"path":"/Users/claudioolivares/Documents/proyectos/app-reactvite-gifts/src/shared/components/CustomHeader.tsx","all":false,"statementMap":{"5":{"start":{"line":6,"column":0},"end":{"line":6,"column":61}},"6":{"start":{"line":7,"column":0},"end":{"line":7,"column":10}},"7":{"start":{"line":8,"column":0},"end":{"line":8,"column":36}},"8":{"start":{"line":9,"column":0},"end":{"line":9,"column":22}},"9":{"start":{"line":10,"column":0},"end":{"line":10,"column":23}},"12":{"start":{"line":13,"column":0},"end":{"line":13,"column":2}}},"s":{"5":1,"6":4,"7":4,"8":4,"9":4,"12":4},"branchMap":{"0":{"type":"branch","line":6,"loc":{"start":{"line":6,"column":28},"end":{"line":13,"column":2}},"locations":[{"start":{"line":6,"column":28},"end":{"line":13,"column":2}}]}},"b":{"0":[4]},"fnMap":{"0":{"name":"CustomHeader","decl":{"start":{"line":6,"column":28},"end":{"line":13,"column":2}},"loc":{"start":{"line":6,"column":28},"end":{"line":13,"column":2}},"line":6}},"f":{"0":4}}
,"/Users/claudioolivares/Documents/proyectos/app-reactvite-gifts/src/shared/components/SearchBar.tsx": {"path":"/Users/claudioolivares/Documents/proyectos/app-reactvite-gifts/src/shared/components/SearchBar.tsx","all":false,"statementMap":{"0":{"start":{"line":1,"column":0},"end":{"line":1,"column":44}},"7":{"start":{"line":8,"column":0},"end":{"line":8,"column":74}},"8":{"start":{"line":9,"column":0},"end":{"line":9,"column":41}},"9":{"start":{"line":10,"column":0},"end":{"line":10,"column":19}},"10":{"start":{"line":11,"column":0},"end":{"line":11,"column":39}},"11":{"start":{"line":12,"column":0},"end":{"line":12,"column":21}},"12":{"start":{"line":13,"column":0},"end":{"line":13,"column":12}},"13":{"start":{"line":14,"column":0},"end":{"line":14,"column":18}},"14":{"start":{"line":15,"column":0},"end":{"line":15,"column":29}},"15":{"start":{"line":16,"column":0},"end":{"line":16,"column":6}},"16":{"start":{"line":17,"column":0},"end":{"line":17,"column":14}},"18":{"start":{"line":19,"column":0},"end":{"line":19,"column":30}},"19":{"start":{"line":20,"column":0},"end":{"line":20,"column":19}},"20":{"start":{"line":21,"column":0},"end":{"line":21,"column":4}},"21":{"start":{"line":22,"column":0},"end":{"line":22,"column":71}},"22":{"start":{"line":23,"column":0},"end":{"line":23,"column":28}},"23":{"start":{"line":24,"column":0},"end":{"line":24,"column":21}},"24":{"start":{"line":25,"column":0},"end":{"line":25,"column":5}},"25":{"start":{"line":26,"column":0},"end":{"line":26,"column":4}},"26":{"start":{"line":27,"column":0},"end":{"line":27,"column":10}},"27":{"start":{"line":28,"column":0},"end":{"line":28,"column":38}},"28":{"start":{"line":29,"column":0},"end":{"line":29,"column":12}},"29":{"start":{"line":30,"column":0},"end":{"line":30,"column":19}},"30":{"start":{"line":31,"column":0},"end":{"line":31,"column":33}},"31":{"start":{"line":32,"column":0},"end":{"line":32,"column":21}},"32":{"start":{"line":33,"column":0},"end":{"line":33,"column":33}},"33":{"start":{"line":34,"column":0},"end":{"line":34,"column":50}},"35":{"start":{"line":36,"column":0},"end":{"line":36,"column":52}},"38":{"start":{"line":39,"column":0},"end":{"line":39,"column":2}}},"s":{"0":1,"7":1,"8":1,"9":1,"10":1,"11":0,"12":1,"13":1,"14":1,"15":1,"16":1,"18":1,"19":0,"20":0,"21":1,"22":0,"23":0,"24":0,"25":0,"26":1,"27":1,"28":1,"29":1,"30":1,"31":1,"32":1,"33":1,"35":1,"38":1},"branchMap":{"0":{"type":"branch","line":8,"loc":{"start":{"line":8,"column":25},"end":{"line":39,"column":2}},"locations":[{"start":{"line":8,"column":25},"end":{"line":39,"column":2}}]},"1":{"type":"branch","line":10,"loc":{"start":{"line":10,"column":12},"end":{"line":17,"column":5}},"locations":[{"start":{"line":10,"column":12},"end":{"line":17,"column":5}}]},"2":{"type":"branch","line":14,"loc":{"start":{"line":14,"column":11},"end":{"line":16,"column":6}},"locations":[{"start":{"line":14,"column":11},"end":{"line":16,"column":6}}]}},"b":{"0":[1],"1":[1],"2":[1]},"fnMap":{"0":{"name":"SearchBar","decl":{"start":{"line":8,"column":25},"end":{"line":39,"column":2}},"loc":{"start":{"line":8,"column":25},"end":{"line":39,"column":2}},"line":8},"1":{"name":"handleSearch","decl":{"start":{"line":19,"column":23},"end":{"line":21,"column":4}},"loc":{"start":{"line":19,"column":23},"end":{"line":21,"column":4}},"line":19},"2":{"name":"handleKeyDown","decl":{"start":{"line":22,"column":24},"end":{"line":26,"column":4}},"loc":{"start":{"line":22,"column":24},"end":{"line":26,"column":4}},"line":22},"3":{"name":"onChange","decl":{"start":{"line":34,"column":18},"end":{"line":34,"column":50}},"loc":{"start":{"line":34,"column":18},"end":{"line":34,"column":50}},"line":34}},"f":{"0":1,"1":0,"2":0,"3":0}}
}
